app/build/outputs/logs/manifest-merger-debug-report.txt
-- Merging decision tree log ---
manifest
ADDED from AndroidManifest.xml:2:1
	package
		ADDED from AndroidManifest.xml:3:5
		INJECTED from AndroidManifest.xml:0:0
		INJECTED from AndroidManifest.xml:0:0
	android:versionName
		ADDED from AndroidManifest.xml:5:5
	android:versionCode
		ADDED from AndroidManifest.xml:4:5
		INJECTED from AndroidManifest.xml:0:0
		INJECTED from AndroidManifest.xml:0:0
	xmlns:android
		ADDED from AndroidManifest.xml:2:11
uses-sdk
ADDED from AndroidManifest.xml:7:5
	android:targetSdkVersion
		ADDED from AndroidManifest.xml:9:9
		INJECTED from AndroidManifest.xml:0:0
		INJECTED from AndroidManifest.xml:0:0
	android:minSdkVersion
		ADDED from AndroidManifest.xml:8:9
		INJECTED from AndroidManifest.xml:0:0
		INJECTED from AndroidManifest.xml:0:0
supports-screens
ADDED from AndroidManifest.xml:11:5
	android:largeScreens
		ADDED from AndroidManifest.xml:13:9
	android:smallScreens
		ADDED from AndroidManifest.xml:16:9
	android:normalScreens
		ADDED from AndroidManifest.xml:14:9
	android:resizeable
		ADDED from AndroidManifest.xml:15:9
	android:anyDensity
		ADDED from AndroidManifest.xml:12:9
application
ADDED from AndroidManifest.xml:18:5
	android:label
		ADDED from AndroidManifest.xml:22:9
	android:allowBackup
		ADDED from AndroidManifest.xml:20:9
	android:icon
		ADDED from AndroidManifest.xml:21:9
	android:theme
		ADDED from AndroidManifest.xml:23:9
	android:name
		ADDED from AndroidManifest.xml:19:9
activity#com.owen.pDoctor.activity.LoginActivity
ADDED from AndroidManifest.xml:24:9
	android:screenOrientation
		ADDED from AndroidManifest.xml:29:13
	android:label
		ADDED from AndroidManifest.xml:27:13
	android:hardwareAccelerated
		ADDED from AndroidManifest.xml:26:13
	android:launchMode
		ADDED from AndroidManifest.xml:28:13
	android:name
		ADDED from AndroidManifest.xml:25:13
intent-filter#android.intent.action.MAIN+android.intent.category.LAUNCHER
ADDED from AndroidManifest.xml:30:13
action#android.intent.action.MAIN
ADDED from AndroidManifest.xml:31:17
	android:name
		ADDED from AndroidManifest.xml:31:25
category#android.intent.category.LAUNCHER
ADDED from AndroidManifest.xml:33:17
	android:name
		ADDED from AndroidManifest.xml:33:27
activity#com.owen.pDoctor.activity.WelcomeActivity
ADDED from AndroidManifest.xml:38:9
	android:screenOrientation
		ADDED from AndroidManifest.xml:42:13
	android:hardwareAccelerated
		ADDED from AndroidManifest.xml:40:13
	android:launchMode
		ADDED from AndroidManifest.xml:41:13
	android:windowSoftInputMode
		ADDED from AndroidManifest.xml:43:13
	android:name
		ADDED from AndroidManifest.xml:39:13
activity#com.owen.pDoctor.activity.AdvertismentActivity
ADDED from AndroidManifest.xml:47:9
	android:screenOrientation
		ADDED from AndroidManifest.xml:50:13
	android:launchMode
		ADDED from AndroidManifest.xml:49:13
	android:windowSoftInputMode
		ADDED from AndroidManifest.xml:51:13
	android:name
		ADDED from AndroidManifest.xml:48:13
activity#com.owen.pDoctor.activity.PersonalSetActivity
ADDED from AndroidManifest.xml:55:9
	android:screenOrientation
		ADDED from AndroidManifest.xml:58:13
	android:launchMode
		ADDED from AndroidManifest.xml:57:13
	android:windowSoftInputMode
		ADDED from AndroidManifest.xml:59:13
	android:name
		ADDED from AndroidManifest.xml:56:13
activity#com.owen.pDoctor.activity.PersonalSettingActivity
ADDED from AndroidManifest.xml:63:9
	android:screenOrientation
		ADDED from AndroidManifest.xml:65:13
	android:windowSoftInputMode
		ADDED from AndroidManifest.xml:66:13
	android:name
		ADDED from AndroidManifest.xml:64:13
activity#com.owen.pDoctor.activity.KeshiActivity
ADDED from AndroidManifest.xml:70:9
	android:screenOrientation
		ADDED from AndroidManifest.xml:72:13
	android:windowSoftInputMode
		ADDED from AndroidManifest.xml:73:13
	android:name
		ADDED from AndroidManifest.xml:71:13
activity#com.owen.pDoctor.activity.MainActivity
ADDED from AndroidManifest.xml:77:9
	android:screenOrientation
		ADDED from AndroidManifest.xml:80:13
	android:launchMode
		ADDED from AndroidManifest.xml:79:13
	android:windowSoftInputMode
		ADDED from AndroidManifest.xml:81:13
	android:name
		ADDED from AndroidManifest.xml:78:13
activity#com.owen.pDoctor.activity.RegistActivity
ADDED from AndroidManifest.xml:85:9
	android:screenOrientation
		ADDED from AndroidManifest.xml:89:13
	android:launchMode
		ADDED from AndroidManifest.xml:88:13
	android:windowSoftInputMode
		ADDED from AndroidManifest.xml:90:13
	android:configChanges
		ADDED from AndroidManifest.xml:87:13
	android:name
		ADDED from AndroidManifest.xml:86:13
activity#com.owen.pDoctor.activity.HomeActivity
ADDED from AndroidManifest.xml:94:9
	android:screenOrientation
		ADDED from AndroidManifest.xml:98:13
	android:launchMode
		ADDED from AndroidManifest.xml:97:13
	android:windowSoftInputMode
		ADDED from AndroidManifest.xml:99:13
	android:configChanges
		ADDED from AndroidManifest.xml:96:13
	android:name
		ADDED from AndroidManifest.xml:95:13
activity#com.owen.pDoctor.activity.MyPatientActivity
ADDED from AndroidManifest.xml:103:9
	android:screenOrientation
		ADDED from AndroidManifest.xml:107:13
	android:launchMode
		ADDED from AndroidManifest.xml:106:13
	android:windowSoftInputMode
		ADDED from AndroidManifest.xml:108:13
	android:configChanges
		ADDED from AndroidManifest.xml:105:13
	android:name
		ADDED from AndroidManifest.xml:104:13
activity#com.owen.pDoctor.activity.MessagesActivity
ADDED from AndroidManifest.xml:112:9
	android:screenOrientation
		ADDED from AndroidManifest.xml:116:13
	android:launchMode
		ADDED from AndroidManifest.xml:115:13
	android:windowSoftInputMode
		ADDED from AndroidManifest.xml:117:13
	android:configChanges
		ADDED from AndroidManifest.xml:114:13
	android:name
		ADDED from AndroidManifest.xml:113:13
activity#com.owen.pDoctor.activity.ContactsActivity
ADDED from AndroidManifest.xml:121:9
	android:screenOrientation
		ADDED from AndroidManifest.xml:125:13
	android:launchMode
		ADDED from AndroidManifest.xml:124:13
	android:windowSoftInputMode
		ADDED from AndroidManifest.xml:126:13
	android:configChanges
		ADDED from AndroidManifest.xml:123:13
	android:name
		ADDED from AndroidManifest.xml:122:13
activity#com.owen.pDoctor.activity.GroupManagerActivity
ADDED from AndroidManifest.xml:130:9
	android:screenOrientation
		ADDED from AndroidManifest.xml:134:13
	android:launchMode
		ADDED from AndroidManifest.xml:133:13
	android:windowSoftInputMode
		ADDED from AndroidManifest.xml:135:13
	android:configChanges
		ADDED from AndroidManifest.xml:132:13
	android:name
		ADDED from AndroidManifest.xml:131:13
activity#com.owen.pDoctor.activity.MessagePersonalActivity
ADDED from AndroidManifest.xml:139:9
	android:screenOrientation
		ADDED from AndroidManifest.xml:143:13
	android:launchMode
		ADDED from AndroidManifest.xml:142:13
	android:windowSoftInputMode
		ADDED from AndroidManifest.xml:144:13
	android:configChanges
		ADDED from AndroidManifest.xml:141:13
	android:name
		ADDED from AndroidManifest.xml:140:13
activity#com.owen.pDoctor.activity.MyPatientProfileActivity
ADDED from AndroidManifest.xml:148:9
	android:screenOrientation
		ADDED from AndroidManifest.xml:152:13
	android:launchMode
		ADDED from AndroidManifest.xml:151:13
	android:windowSoftInputMode
		ADDED from AndroidManifest.xml:153:13
	android:configChanges
		ADDED from AndroidManifest.xml:150:13
	android:name
		ADDED from AndroidManifest.xml:149:13
activity#com.owen.pDoctor.activity.UploadPatientProfileActivity
ADDED from AndroidManifest.xml:157:9
	android:screenOrientation
		ADDED from AndroidManifest.xml:161:13
	android:launchMode
		ADDED from AndroidManifest.xml:160:13
	android:windowSoftInputMode
		ADDED from AndroidManifest.xml:162:13
	android:configChanges
		ADDED from AndroidManifest.xml:159:13
	android:name
		ADDED from AndroidManifest.xml:158:13
activity#com.owen.pDoctor.activity.MyPatientServiceActivity
ADDED from AndroidManifest.xml:166:9
	android:screenOrientation
		ADDED from AndroidManifest.xml:170:13
	android:launchMode
		ADDED from AndroidManifest.xml:169:13
	android:windowSoftInputMode
		ADDED from AndroidManifest.xml:171:13
	android:configChanges
		ADDED from AndroidManifest.xml:168:13
	android:name
		ADDED from AndroidManifest.xml:167:13
activity#com.owen.pDoctor.activity.SuifangActivity
ADDED from AndroidManifest.xml:175:9
	android:screenOrientation
		ADDED from AndroidManifest.xml:179:13
	android:launchMode
		ADDED from AndroidManifest.xml:178:13
	android:windowSoftInputMode
		ADDED from AndroidManifest.xml:180:13
	android:configChanges
		ADDED from AndroidManifest.xml:177:13
	android:name
		ADDED from AndroidManifest.xml:176:13
activity#com.owen.pDoctor.activity.HuanjiaoActivity
ADDED from AndroidManifest.xml:184:9
	android:screenOrientation
		ADDED from AndroidManifest.xml:188:13
	android:launchMode
		ADDED from AndroidManifest.xml:187:13
	android:windowSoftInputMode
		ADDED from AndroidManifest.xml:189:13
	android:configChanges
		ADDED from AndroidManifest.xml:186:13
	android:name
		ADDED from AndroidManifest.xml:185:13
activity#com.owen.pDoctor.activity.MoreActivity
ADDED from AndroidManifest.xml:193:9
	android:screenOrientation
		ADDED from AndroidManifest.xml:197:13
	android:launchMode
		ADDED from AndroidManifest.xml:196:13
	android:windowSoftInputMode
		ADDED from AndroidManifest.xml:198:13
	android:configChanges
		ADDED from AndroidManifest.xml:195:13
	android:name
		ADDED from AndroidManifest.xml:194:13
activity#com.owen.pDoctor.activity.SearchActivity
ADDED from AndroidManifest.xml:202:9
	android:screenOrientation
		ADDED from AndroidManifest.xml:206:13
	android:launchMode
		ADDED from AndroidManifest.xml:205:13
	android:windowSoftInputMode
		ADDED from AndroidManifest.xml:207:13
	android:configChanges
		ADDED from AndroidManifest.xml:204:13
	android:name
		ADDED from AndroidManifest.xml:203:13
activity#com.owen.pDoctor.activity.SearchResultActivity
ADDED from AndroidManifest.xml:211:9
	android:screenOrientation
		ADDED from AndroidManifest.xml:215:13
	android:launchMode
		ADDED from AndroidManifest.xml:214:13
	android:windowSoftInputMode
		ADDED from AndroidManifest.xml:216:13
	android:configChanges
		ADDED from AndroidManifest.xml:213:13
	android:name
		ADDED from AndroidManifest.xml:212:13
activity#com.owen.pDoctor.activity.PayServiceActivity
ADDED from AndroidManifest.xml:220:9
	android:screenOrientation
		ADDED from AndroidManifest.xml:224:13
	android:launchMode
		ADDED from AndroidManifest.xml:223:13
	android:windowSoftInputMode
		ADDED from AndroidManifest.xml:225:13
	android:configChanges
		ADDED from AndroidManifest.xml:222:13
	android:name
		ADDED from AndroidManifest.xml:221:13
activity#com.owen.pDoctor.activity.DefinedPriceActivity
ADDED from AndroidManifest.xml:229:9
	android:screenOrientation
		ADDED from AndroidManifest.xml:233:13
	android:launchMode
		ADDED from AndroidManifest.xml:232:13
	android:windowSoftInputMode
		ADDED from AndroidManifest.xml:234:13
	android:configChanges
		ADDED from AndroidManifest.xml:231:13
	android:name
		ADDED from AndroidManifest.xml:230:13
activity#com.owen.pDoctor.activity.TimePriceActivity
ADDED from AndroidManifest.xml:238:9
	android:screenOrientation
		ADDED from AndroidManifest.xml:242:13
	android:launchMode
		ADDED from AndroidManifest.xml:241:13
	android:windowSoftInputMode
		ADDED from AndroidManifest.xml:243:13
	android:configChanges
		ADDED from AndroidManifest.xml:240:13
	android:name
		ADDED from AndroidManifest.xml:239:13
activity#com.owen.pDoctor.activity.MonthPriceActivity
ADDED from AndroidManifest.xml:247:9
	android:screenOrientation
		ADDED from AndroidManifest.xml:251:13
	android:launchMode
		ADDED from AndroidManifest.xml:250:13
	android:windowSoftInputMode
		ADDED from AndroidManifest.xml:252:13
	android:configChanges
		ADDED from AndroidManifest.xml:249:13
	android:name
		ADDED from AndroidManifest.xml:248:13
activity#com.owen.pDoctor.activity.PhonePriceActivity
ADDED from AndroidManifest.xml:256:9
	android:screenOrientation
		ADDED from AndroidManifest.xml:260:13
	android:launchMode
		ADDED from AndroidManifest.xml:259:13
	android:windowSoftInputMode
		ADDED from AndroidManifest.xml:261:13
	android:configChanges
		ADDED from AndroidManifest.xml:258:13
	android:name
		ADDED from AndroidManifest.xml:257:13
activity#com.owen.pDoctor.activity.FreeDateActivity
ADDED from AndroidManifest.xml:265:9
	android:screenOrientation
		ADDED from AndroidManifest.xml:269:13
	android:launchMode
		ADDED from AndroidManifest.xml:268:13
	android:windowSoftInputMode
		ADDED from AndroidManifest.xml:270:13
	android:configChanges
		ADDED from AndroidManifest.xml:267:13
	android:name
		ADDED from AndroidManifest.xml:266:13
activity#com.owen.pDoctor.activity.PayInstructionActivity
ADDED from AndroidManifest.xml:274:9
	android:screenOrientation
		ADDED from AndroidManifest.xml:278:13
	android:launchMode
		ADDED from AndroidManifest.xml:277:13
	android:windowSoftInputMode
		ADDED from AndroidManifest.xml:279:13
	android:configChanges
		ADDED from AndroidManifest.xml:276:13
	android:name
		ADDED from AndroidManifest.xml:275:13
activity#com.owen.pDoctor.activity.AuthenticationActivity
ADDED from AndroidManifest.xml:283:9
	android:screenOrientation
		ADDED from AndroidManifest.xml:287:13
	android:launchMode
		ADDED from AndroidManifest.xml:286:13
	android:windowSoftInputMode
		ADDED from AndroidManifest.xml:288:13
	android:configChanges
		ADDED from AndroidManifest.xml:285:13
	android:name
		ADDED from AndroidManifest.xml:284:13
activity#com.owen.pDoctor.activity.CustomizedActivity
ADDED from AndroidManifest.xml:292:9
	android:screenOrientation
		ADDED from AndroidManifest.xml:296:13
	android:launchMode
		ADDED from AndroidManifest.xml:295:13
	android:windowSoftInputMode
		ADDED from AndroidManifest.xml:297:13
	android:configChanges
		ADDED from AndroidManifest.xml:294:13
	android:name
		ADDED from AndroidManifest.xml:293:13
activity#com.owen.pDoctor.activity.Customized2Activity
ADDED from AndroidManifest.xml:301:9
	android:screenOrientation
		ADDED from AndroidManifest.xml:305:13
	android:launchMode
		ADDED from AndroidManifest.xml:304:13
	android:windowSoftInputMode
		ADDED from AndroidManifest.xml:306:13
	android:configChanges
		ADDED from AndroidManifest.xml:303:13
	android:name
		ADDED from AndroidManifest.xml:302:13
activity#com.owen.pDoctor.activity.Customized3Activity
ADDED from AndroidManifest.xml:310:9
	android:screenOrientation
		ADDED from AndroidManifest.xml:314:13
	android:launchMode
		ADDED from AndroidManifest.xml:313:13
	android:windowSoftInputMode
		ADDED from AndroidManifest.xml:315:13
	android:configChanges
		ADDED from AndroidManifest.xml:312:13
	android:name
		ADDED from AndroidManifest.xml:311:13
activity#com.owen.pDoctor.activity.CustomizedCheckActivity
ADDED from AndroidManifest.xml:319:9
	android:screenOrientation
		ADDED from AndroidManifest.xml:323:13
	android:launchMode
		ADDED from AndroidManifest.xml:322:13
	android:windowSoftInputMode
		ADDED from AndroidManifest.xml:324:13
	android:configChanges
		ADDED from AndroidManifest.xml:321:13
	android:name
		ADDED from AndroidManifest.xml:320:13
activity#com.owen.pDoctor.activity.CustomizedSubmitActivity
ADDED from AndroidManifest.xml:328:9
	android:screenOrientation
		ADDED from AndroidManifest.xml:332:13
	android:launchMode
		ADDED from AndroidManifest.xml:331:13
	android:windowSoftInputMode
		ADDED from AndroidManifest.xml:333:13
	android:configChanges
		ADDED from AndroidManifest.xml:330:13
	android:name
		ADDED from AndroidManifest.xml:329:13
activity#com.owen.pDoctor.activity.HomeHeatDetailActivity
ADDED from AndroidManifest.xml:337:9
	android:screenOrientation
		ADDED from AndroidManifest.xml:340:13
	android:configChanges
		ADDED from AndroidManifest.xml:339:13
	android:name
		ADDED from AndroidManifest.xml:338:13
intent-filter#android.intent.category.DEFAULT+com.sina.weibo.sdk.action.ACTION_SDK_REQ_ACTIVITY
ADDED from AndroidManifest.xml:341:13
action#com.sina.weibo.sdk.action.ACTION_SDK_REQ_ACTIVITY
ADDED from AndroidManifest.xml:342:17
	android:name
		ADDED from AndroidManifest.xml:342:25
category#android.intent.category.DEFAULT
ADDED from AndroidManifest.xml:344:17
	android:name
		ADDED from AndroidManifest.xml:344:27
activity#com.owen.pDoctor.activity.ImageShowerActivity
ADDED from AndroidManifest.xml:349:9
	android:screenOrientation
		ADDED from AndroidManifest.xml:352:13
	android:launchMode
		ADDED from AndroidManifest.xml:351:13
	android:windowSoftInputMode
		ADDED from AndroidManifest.xml:353:13
	android:name
		ADDED from AndroidManifest.xml:350:13
activity#com.owen.pDoctor.activity.SpreadActivity
ADDED from AndroidManifest.xml:357:9
	android:screenOrientation
		ADDED from AndroidManifest.xml:361:13
	android:launchMode
		ADDED from AndroidManifest.xml:360:13
	android:windowSoftInputMode
		ADDED from AndroidManifest.xml:362:13
	android:configChanges
		ADDED from AndroidManifest.xml:359:13
	android:name
		ADDED from AndroidManifest.xml:358:13
activity#com.owen.pDoctor.alipay.AliPayActivity
ADDED from AndroidManifest.xml:366:9
	android:screenOrientation
		ADDED from AndroidManifest.xml:370:13
	android:launchMode
		ADDED from AndroidManifest.xml:369:13
	android:windowSoftInputMode
		ADDED from AndroidManifest.xml:371:13
	android:configChanges
		ADDED from AndroidManifest.xml:368:13
	android:name
		ADDED from AndroidManifest.xml:367:13
activity#com.owen.pDoctor.activity.PersonalActivity
ADDED from AndroidManifest.xml:375:9
	android:screenOrientation
		ADDED from AndroidManifest.xml:378:13
	android:launchMode
		ADDED from AndroidManifest.xml:377:13
	android:windowSoftInputMode
		ADDED from AndroidManifest.xml:379:13
	android:name
		ADDED from AndroidManifest.xml:376:13
activity#com.owen.pDoctor.activity.SettingsActivity
ADDED from AndroidManifest.xml:383:9
	android:screenOrientation
		ADDED from AndroidManifest.xml:386:13
	android:launchMode
		ADDED from AndroidManifest.xml:385:13
	android:windowSoftInputMode
		ADDED from AndroidManifest.xml:387:13
	android:name
		ADDED from AndroidManifest.xml:384:13
activity#com.owen.pDoctor.activity.MyZoneActivity
ADDED from AndroidManifest.xml:391:9
	android:screenOrientation
		ADDED from AndroidManifest.xml:394:13
	android:launchMode
		ADDED from AndroidManifest.xml:393:13
	android:windowSoftInputMode
		ADDED from AndroidManifest.xml:395:13
	android:name
		ADDED from AndroidManifest.xml:392:13
activity#com.owen.pDoctor.activity.HelpActivity
ADDED from AndroidManifest.xml:399:9
	android:screenOrientation
		ADDED from AndroidManifest.xml:402:13
	android:launchMode
		ADDED from AndroidManifest.xml:401:13
	android:windowSoftInputMode
		ADDED from AndroidManifest.xml:403:13
	android:name
		ADDED from AndroidManifest.xml:400:13
activity#com.owen.pDoctor.activity.ProblemsActivity
ADDED from AndroidManifest.xml:407:9
	android:screenOrientation
		ADDED from AndroidManifest.xml:410:13
	android:launchMode
		ADDED from AndroidManifest.xml:409:13
	android:windowSoftInputMode
		ADDED from AndroidManifest.xml:411:13
	android:name
		ADDED from AndroidManifest.xml:408:13
activity#com.owen.pDoctor.activity.ChangePswActivity
ADDED from AndroidManifest.xml:415:9
	android:screenOrientation
		ADDED from AndroidManifest.xml:419:13
	android:launchMode
		ADDED from AndroidManifest.xml:418:13
	android:windowSoftInputMode
		ADDED from AndroidManifest.xml:420:13
	android:configChanges
		ADDED from AndroidManifest.xml:417:13
	android:name
		ADDED from AndroidManifest.xml:416:13
activity#com.owen.pDoctor.activity.ForgotPswActivity
ADDED from AndroidManifest.xml:424:9
	android:screenOrientation
		ADDED from AndroidManifest.xml:428:13
	android:launchMode
		ADDED from AndroidManifest.xml:427:13
	android:windowSoftInputMode
		ADDED from AndroidManifest.xml:429:13
	android:configChanges
		ADDED from AndroidManifest.xml:426:13
	android:name
		ADDED from AndroidManifest.xml:425:13
activity#com.owen.pDoctor.activity.ForgotPsw2Activity
ADDED from AndroidManifest.xml:433:9
	android:screenOrientation
		ADDED from AndroidManifest.xml:437:13
	android:launchMode
		ADDED from AndroidManifest.xml:436:13
	android:windowSoftInputMode
		ADDED from AndroidManifest.xml:438:13
	android:configChanges
		ADDED from AndroidManifest.xml:435:13
	android:name
		ADDED from AndroidManifest.xml:434:13
activity#com.owen.pDoctor.activity.ForgotPsw3Activity
ADDED from AndroidManifest.xml:442:9
	android:screenOrientation
		ADDED from AndroidManifest.xml:446:13
	android:launchMode
		ADDED from AndroidManifest.xml:445:13
	android:windowSoftInputMode
		ADDED from AndroidManifest.xml:447:13
	android:configChanges
		ADDED from AndroidManifest.xml:444:13
	android:name
		ADDED from AndroidManifest.xml:443:13
activity#com.owen.pDoctor.activity.FeedBackActivity
ADDED from AndroidManifest.xml:451:9
	android:screenOrientation
		ADDED from AndroidManifest.xml:455:13
	android:launchMode
		ADDED from AndroidManifest.xml:454:13
	android:windowSoftInputMode
		ADDED from AndroidManifest.xml:456:13
	android:configChanges
		ADDED from AndroidManifest.xml:453:13
	android:name
		ADDED from AndroidManifest.xml:452:13
activity#com.owen.pDoctor.activity.AboutActivity
ADDED from AndroidManifest.xml:460:9
	android:screenOrientation
		ADDED from AndroidManifest.xml:464:13
	android:launchMode
		ADDED from AndroidManifest.xml:463:13
	android:windowSoftInputMode
		ADDED from AndroidManifest.xml:465:13
	android:configChanges
		ADDED from AndroidManifest.xml:462:13
	android:name
		ADDED from AndroidManifest.xml:461:13
activity#com.owen.pDoctor.activity.CaptureActivity
ADDED from AndroidManifest.xml:469:9
	android:screenOrientation
		ADDED from AndroidManifest.xml:473:13
	android:launchMode
		ADDED from AndroidManifest.xml:472:13
	android:windowSoftInputMode
		ADDED from AndroidManifest.xml:474:13
	android:configChanges
		ADDED from AndroidManifest.xml:471:13
	android:name
		ADDED from AndroidManifest.xml:470:13
activity#com.owen.pDoctor.activity.MyQRImageActivity
ADDED from AndroidManifest.xml:478:9
	android:screenOrientation
		ADDED from AndroidManifest.xml:482:13
	android:launchMode
		ADDED from AndroidManifest.xml:481:13
	android:windowSoftInputMode
		ADDED from AndroidManifest.xml:483:13
	android:configChanges
		ADDED from AndroidManifest.xml:480:13
	android:name
		ADDED from AndroidManifest.xml:479:13
activity#com.owen.pDoctor.activity.AddpatientActivity
ADDED from AndroidManifest.xml:487:9
	android:screenOrientation
		ADDED from AndroidManifest.xml:491:13
	android:launchMode
		ADDED from AndroidManifest.xml:490:13
	android:windowSoftInputMode
		ADDED from AndroidManifest.xml:492:13
	android:configChanges
		ADDED from AndroidManifest.xml:489:13
	android:name
		ADDED from AndroidManifest.xml:488:13
activity#com.owen.pDoctor.chat.TestPicActivity
ADDED from AndroidManifest.xml:494:9
	android:screenOrientation
		ADDED from AndroidManifest.xml:498:13
	android:launchMode
		ADDED from AndroidManifest.xml:497:13
	android:windowSoftInputMode
		ADDED from AndroidManifest.xml:499:13
	android:configChanges
		ADDED from AndroidManifest.xml:496:13
	android:name
		ADDED from AndroidManifest.xml:495:13
activity#com.owen.pDoctor.chat.ImageGridActivity
ADDED from AndroidManifest.xml:501:9
	android:screenOrientation
		ADDED from AndroidManifest.xml:505:13
	android:launchMode
		ADDED from AndroidManifest.xml:504:13
	android:windowSoftInputMode
		ADDED from AndroidManifest.xml:506:13
	android:configChanges
		ADDED from AndroidManifest.xml:503:13
	android:name
		ADDED from AndroidManifest.xml:502:13
activity#com.owen.pDoctor.chat.CameraActivity
ADDED from AndroidManifest.xml:508:9
	android:screenOrientation
		ADDED from AndroidManifest.xml:512:13
	android:launchMode
		ADDED from AndroidManifest.xml:511:13
	android:windowSoftInputMode
		ADDED from AndroidManifest.xml:513:13
	android:configChanges
		ADDED from AndroidManifest.xml:510:13
	android:name
		ADDED from AndroidManifest.xml:509:13
activity#com.owen.pDoctor.chat.ScaleImageFromSdcardActivity
ADDED from AndroidManifest.xml:515:9
	android:screenOrientation
		ADDED from AndroidManifest.xml:519:13
	android:launchMode
		ADDED from AndroidManifest.xml:518:13
	android:windowSoftInputMode
		ADDED from AndroidManifest.xml:520:13
	android:configChanges
		ADDED from AndroidManifest.xml:517:13
	android:name
		ADDED from AndroidManifest.xml:516:13
activity#com.owen.pDoctor.chat.PicturesShowActivity
ADDED from AndroidManifest.xml:522:9
	android:screenOrientation
		ADDED from AndroidManifest.xml:526:13
	android:launchMode
		ADDED from AndroidManifest.xml:525:13
	android:windowSoftInputMode
		ADDED from AndroidManifest.xml:527:13
	android:configChanges
		ADDED from AndroidManifest.xml:524:13
	android:name
		ADDED from AndroidManifest.xml:523:13
activity#com.owen.pDoctor.chat.PhotoActivity
ADDED from AndroidManifest.xml:529:9
	android:screenOrientation
		ADDED from AndroidManifest.xml:533:13
	android:launchMode
		ADDED from AndroidManifest.xml:532:13
	android:windowSoftInputMode
		ADDED from AndroidManifest.xml:534:13
	android:configChanges
		ADDED from AndroidManifest.xml:531:13
	android:name
		ADDED from AndroidManifest.xml:530:13
activity#com.owen.pDoctor.chat.ChatActivity
ADDED from AndroidManifest.xml:537:9
	android:screenOrientation
		ADDED from AndroidManifest.xml:541:13
	android:launchMode
		ADDED from AndroidManifest.xml:540:13
	android:windowSoftInputMode
		ADDED from AndroidManifest.xml:542:13
	android:configChanges
		ADDED from AndroidManifest.xml:539:13
	android:name
		ADDED from AndroidManifest.xml:538:13
service#com.owen.pDoctor.service.UploadService
ADDED from AndroidManifest.xml:546:9
	android:permission
		ADDED from AndroidManifest.xml:548:13
	android:name
		ADDED from AndroidManifest.xml:547:13
intent-filter#com.owen.pDoctor.service.UploadService
ADDED from AndroidManifest.xml:549:13
action#com.owen.pDoctor.service.UploadService
ADDED from AndroidManifest.xml:550:17
	android:name
		ADDED from AndroidManifest.xml:550:25
activity#com.owen.pDoctor.activity.WebViewActivity
ADDED from AndroidManifest.xml:555:9
	android:screenOrientation
		ADDED from AndroidManifest.xml:559:13
	android:launchMode
		ADDED from AndroidManifest.xml:558:13
	android:windowSoftInputMode
		ADDED from AndroidManifest.xml:560:13
	android:configChanges
		ADDED from AndroidManifest.xml:557:13
	android:name
		ADDED from AndroidManifest.xml:556:13
activity#cn.sharesdk.framework.ShareSDKUIShell
ADDED from AndroidManifest.xml:563:9
	android:screenOrientation
		ADDED from AndroidManifest.xml:566:13
	android:windowSoftInputMode
		ADDED from AndroidManifest.xml:568:13
	android:configChanges
		ADDED from AndroidManifest.xml:565:13
	android:theme
		ADDED from AndroidManifest.xml:567:13
	android:name
		ADDED from AndroidManifest.xml:564:13
intent-filter#android.intent.action.VIEW+android.intent.category.BROWSABLE+android.intent.category.DEFAULT
ADDED from AndroidManifest.xml:569:13
data
ADDED from AndroidManifest.xml:570:17
	android:scheme
		ADDED from AndroidManifest.xml:570:23
action#android.intent.action.VIEW
ADDED from AndroidManifest.xml:572:17
	android:name
		ADDED from AndroidManifest.xml:572:25
category#android.intent.category.BROWSABLE
ADDED from AndroidManifest.xml:574:17
	android:name
		ADDED from AndroidManifest.xml:574:27
activity#com.owen.pDoctor.wxapi.WXEntryActivity
ADDED from AndroidManifest.xml:580:9
	android:screenOrientation
		ADDED from AndroidManifest.xml:584:13
	android:exported
		ADDED from AndroidManifest.xml:583:13
	android:configChanges
		ADDED from AndroidManifest.xml:582:13
	android:theme
		ADDED from AndroidManifest.xml:585:13
	android:name
		ADDED from AndroidManifest.xml:581:13
activity#com.tencent.connect.common.AssistActivity
ADDED from AndroidManifest.xml:586:9
	android:screenOrientation
		ADDED from AndroidManifest.xml:589:13
	android:configChanges
		ADDED from AndroidManifest.xml:588:13
	android:theme
		ADDED from AndroidManifest.xml:590:13
	android:name
		ADDED from AndroidManifest.xml:587:13
activity#com.owen.pDoctor.ReturnActivity
ADDED from AndroidManifest.xml:591:9
	android:label
		ADDED from AndroidManifest.xml:593:13
	android:name
		ADDED from AndroidManifest.xml:592:13
activity#com.tencent.tauth.AuthActivity
ADDED from AndroidManifest.xml:596:9
	android:launchMode
		ADDED from AndroidManifest.xml:598:13
	android:noHistory
		ADDED from AndroidManifest.xml:599:13
	android:name
		ADDED from AndroidManifest.xml:597:13
activity#com.alipay.sdk.app.H5PayActivity
ADDED from AndroidManifest.xml:612:9
	android:screenOrientation
		ADDED from AndroidManifest.xml:616:13
	android:exported
		ADDED from AndroidManifest.xml:615:13
	android:configChanges
		ADDED from AndroidManifest.xml:614:13
	android:name
		ADDED from AndroidManifest.xml:613:13
activity#com.alipay.sdk.auth.AuthActivity
ADDED from AndroidManifest.xml:618:9
	android:screenOrientation
		ADDED from AndroidManifest.xml:622:13
	android:exported
		ADDED from AndroidManifest.xml:621:13
	android:configChanges
		ADDED from AndroidManifest.xml:620:13
	android:name
		ADDED from AndroidManifest.xml:619:13
activity#com.unionpay.uppay.PayActivity
ADDED from AndroidManifest.xml:626:9
	android:name
		ADDED from AndroidManifest.xml:626:19
meta-data#TA_APPKEY
ADDED from AndroidManifest.xml:638:9
	android:value
		ADDED from AndroidManifest.xml:640:13
	android:name
		ADDED from AndroidManifest.xml:639:13
meta-data#InstallChannel
ADDED from AndroidManifest.xml:641:9
	android:value
		ADDED from AndroidManifest.xml:643:13
	android:name
		ADDED from AndroidManifest.xml:642:13
activity#com.sina.weibo.sdk.component.WeiboSdkBrowser
ADDED from AndroidManifest.xml:646:9
	android:exported
		ADDED from AndroidManifest.xml:649:13
	android:windowSoftInputMode
		ADDED from AndroidManifest.xml:650:13
	android:configChanges
		ADDED from AndroidManifest.xml:648:13
	android:name
		ADDED from AndroidManifest.xml:647:13
service#com.sina.weibo.sdk.net.DownloadService
ADDED from AndroidManifest.xml:653:9
	android:exported
		ADDED from AndroidManifest.xml:655:13
	android:name
		ADDED from AndroidManifest.xml:654:13
uses-permission#android.permission.INTERNET